Using pre-set license
Built from '2020.3/staging' branch; Version is '2020.3.0f1 (c7b5465681fb) revision 13088070'; Using compiler version '192528614'; Build Type 'Release'
OS: 'Windows 10 Pro; OS build 19044.2846; Version 2009; 64bit' Language: 'en' Physical Memory: 65402 MB
BatchMode: 1, IsHumanControllingUs: 0, StartBugReporterOnCrash: 0, Is64bit: 1, IsPro: 0

 COMMAND LINE ARGUMENTS:
C:\Program Files\Unity\Hub\Editor\2020.3.0f1\Editor\Unity.exe
-adb2
-batchMode
-noUpm
-name
AssetImportWorker0
-projectPath
D:/Innovamat/NumberIdentificationExercise
-logFile
Logs/AssetImportWorker0.log
-srvPort
52380
Successfully changed project path to: D:/Innovamat/NumberIdentificationExercise
D:/Innovamat/NumberIdentificationExercise
Using Asset Import Pipeline V2.
Refreshing native plugins compatible for Editor in 22.06 ms, found 0 plugins.
Preloading 0 native plugins for Editor in 0.00 ms.
Initialize engine version: 2020.3.0f1 (c7b5465681fb)
[Subsystems] Discovering subsystems at path C:/Program Files/Unity/Hub/Editor/2020.3.0f1/Editor/Data/Resources/UnitySubsystems
[Subsystems] Discovering subsystems at path D:/Innovamat/NumberIdentificationExercise/Assets
GfxDevice: creating device client; threaded=0
Direct3D:
    Version:  Direct3D 11.0 [level 11.1]
    Renderer: NVIDIA GeForce RTX 2060 SUPER (ID=0x1f06)
    Vendor:   
    VRAM:     8019 MB
    Driver:   31.0.15.2802
Initialize mono
Mono path[0] = 'C:/Program Files/Unity/Hub/Editor/2020.3.0f1/Editor/Data/Managed'
Mono path[1] = 'C:/Program Files/Unity/Hub/Editor/2020.3.0f1/Editor/Data/MonoBleedingEdge/lib/mono/unityjit'
Mono config path = 'C:/Program Files/Unity/Hub/Editor/2020.3.0f1/Editor/Data/MonoBleedingEdge/etc'
Using monoOptions --debugger-agent=transport=dt_socket,embedding=1,server=y,suspend=n,address=127.0.0.1:56924
Begin MonoManager ReloadAssembly
Registering precompiled unity dll's ...
Register platform support module: C:/Program Files/Unity/Hub/Editor/2020.3.0f1/Editor/Data/PlaybackEngines/WindowsStandaloneSupport/UnityEditor.WindowsStandalone.Extensions.dll
Registered in 0.001912 seconds.
Native extension for WindowsStandalone target not found
Refreshing native plugins compatible for Editor in 23.16 ms, found 0 plugins.
Preloading 0 native plugins for Editor in 0.00 ms.
Invoked RoslynAnalysisRunner static constructor.
RoslynAnalysisRunner will not be running.
RoslynAnalysisRunner has terminated.
Mono: successfully reloaded assembly
- Completed reload, in  0.887 seconds
Platform modules already initialized, skipping
Registering precompiled user dll's ...
Registered in 0.000433 seconds.
Begin MonoManager ReloadAssembly
Native extension for WindowsStandalone target not found
Refreshing native plugins compatible for Editor in 0.25 ms, found 0 plugins.
Preloading 0 native plugins for Editor in 0.00 ms.
Invoked RoslynAnalysisRunner static constructor.
RoslynAnalysisRunner will not be running.
RoslynAnalysisRunner has terminated.
Mono: successfully reloaded assembly
- Completed reload, in  0.691 seconds
Platform modules already initialized, skipping
========================================================================
Worker process is ready to serve import requests
Launched and connected shader compiler UnityShaderCompiler.exe after 0.03 seconds
Refreshing native plugins compatible for Editor in 0.26 ms, found 0 plugins.
Preloading 0 native plugins for Editor in 0.00 ms.
Unloading 1238 Unused Serialized files (Serialized files now loaded: 0)
System memory in use before: 61.9 MB.
System memory in use after: 61.9 MB.

Unloading 13 unused Assets to reduce memory usage. Loaded Objects now: 1678.
Total: 1.472500 ms (FindLiveObjects: 0.148200 ms CreateObjectMapping: 0.042400 ms MarkObjects: 1.215100 ms  DeleteObjects: 0.066100 ms)

========================================================================
Received Import Request.
  path: Assets/Application/App/Resources/GameDataModel.asset
  artifactKey: Guid(261bac1ad567ce74dad9d9a6afeb5410) Importer(815301076,1909f56bfc062723c751e8b465ee728b)
Start importing Assets/Application/App/Resources/GameDataModel.asset using Guid(261bac1ad567ce74dad9d9a6afeb5410) Importer(815301076,1909f56bfc062723c751e8b465ee728b)  -> (artifact id: 'c54a342abd552617125b1f5a69ccdb11') in 0.026773 seconds
  Import took 0.028650 seconds .

========================================================================
Received Import Request.
  Time since last request: 0.911383 seconds.
  path: Assets/Application/App/Resources/GameDataModel.asset
  artifactKey: Guid(261bac1ad567ce74dad9d9a6afeb5410) Importer(815301076,1909f56bfc062723c751e8b465ee728b)
Start importing Assets/Application/App/Resources/GameDataModel.asset using Guid(261bac1ad567ce74dad9d9a6afeb5410) Importer(815301076,1909f56bfc062723c751e8b465ee728b)  -> (artifact id: '90f13c233482266e1089cb5a11fe6756') in 0.002607 seconds
  Import took 0.004774 seconds .

========================================================================
Received Prepare
Registering precompiled user dll's ...
Registered in 0.000533 seconds.
Begin MonoManager ReloadAssembly
Native extension for WindowsStandalone target not found
Refreshing native plugins compatible for Editor in 0.27 ms, found 0 plugins.
Preloading 0 native plugins for Editor in 0.00 ms.
Invoked RoslynAnalysisRunner static constructor.
RoslynAnalysisRunner will not be running.
RoslynAnalysisRunner has terminated.
Mono: successfully reloaded assembly
- Completed reload, in  0.714 seconds
Platform modules already initialized, skipping
Refreshing native plugins compatible for Editor in 0.35 ms, found 0 plugins.
Preloading 0 native plugins for Editor in 0.00 ms.
Unloading 1220 Unused Serialized files (Serialized files now loaded: 0)
System memory in use before: 60.8 MB.
System memory in use after: 60.9 MB.

Unloading 8 unused Assets to reduce memory usage. Loaded Objects now: 1681.
Total: 2.785900 ms (FindLiveObjects: 0.306100 ms CreateObjectMapping: 0.112600 ms MarkObjects: 2.291200 ms  DeleteObjects: 0.073500 ms)

========================================================================
Received Prepare
Registering precompiled user dll's ...
Registered in 0.000587 seconds.
Begin MonoManager ReloadAssembly
Native extension for WindowsStandalone target not found
Refreshing native plugins compatible for Editor in 0.27 ms, found 0 plugins.
Preloading 0 native plugins for Editor in 0.00 ms.
Invoked RoslynAnalysisRunner static constructor.
RoslynAnalysisRunner will not be running.
RoslynAnalysisRunner has terminated.
Mono: successfully reloaded assembly
- Completed reload, in  0.656 seconds
Platform modules already initialized, skipping
Refreshing native plugins compatible for Editor in 0.27 ms, found 0 plugins.
Preloading 0 native plugins for Editor in 0.00 ms.
Unloading 1220 Unused Serialized files (Serialized files now loaded: 0)
System memory in use before: 60.8 MB.
System memory in use after: 60.9 MB.

Unloading 8 unused Assets to reduce memory usage. Loaded Objects now: 1684.
Total: 1.871900 ms (FindLiveObjects: 0.146900 ms CreateObjectMapping: 0.043400 ms MarkObjects: 1.623400 ms  DeleteObjects: 0.056800 ms)

========================================================================
Received Prepare
Registering precompiled user dll's ...
Registered in 0.000544 seconds.
Begin MonoManager ReloadAssembly
Native extension for WindowsStandalone target not found
Refreshing native plugins compatible for Editor in 0.26 ms, found 0 plugins.
Preloading 0 native plugins for Editor in 0.00 ms.
Invoked RoslynAnalysisRunner static constructor.
RoslynAnalysisRunner will not be running.
RoslynAnalysisRunner has terminated.
Mono: successfully reloaded assembly
- Completed reload, in  0.617 seconds
Platform modules already initialized, skipping
Refreshing native plugins compatible for Editor in 0.27 ms, found 0 plugins.
Preloading 0 native plugins for Editor in 0.00 ms.
Unloading 1220 Unused Serialized files (Serialized files now loaded: 0)
System memory in use before: 60.9 MB.
System memory in use after: 60.9 MB.

Unloading 8 unused Assets to reduce memory usage. Loaded Objects now: 1687.
Total: 1.481200 ms (FindLiveObjects: 0.138600 ms CreateObjectMapping: 0.037100 ms MarkObjects: 1.258000 ms  DeleteObjects: 0.046500 ms)

========================================================================
Received Prepare
Registering precompiled user dll's ...
Registered in 0.000481 seconds.
Begin MonoManager ReloadAssembly
Native extension for WindowsStandalone target not found
Refreshing native plugins compatible for Editor in 0.25 ms, found 0 plugins.
Preloading 0 native plugins for Editor in 0.00 ms.
Invoked RoslynAnalysisRunner static constructor.
RoslynAnalysisRunner will not be running.
RoslynAnalysisRunner has terminated.
Mono: successfully reloaded assembly
- Completed reload, in  0.646 seconds
Platform modules already initialized, skipping
Refreshing native plugins compatible for Editor in 0.28 ms, found 0 plugins.
Preloading 0 native plugins for Editor in 0.00 ms.
Unloading 1220 Unused Serialized files (Serialized files now loaded: 0)
System memory in use before: 60.9 MB.
System memory in use after: 60.9 MB.

Unloading 8 unused Assets to reduce memory usage. Loaded Objects now: 1690.
Total: 2.071800 ms (FindLiveObjects: 0.232100 ms CreateObjectMapping: 0.086000 ms MarkObjects: 1.705100 ms  DeleteObjects: 0.047800 ms)

========================================================================
Received Import Request.
  Time since last request: 226.774322 seconds.
  path: Assets/Application/App/Resources/GameDataModel.asset
  artifactKey: Guid(261bac1ad567ce74dad9d9a6afeb5410) Importer(815301076,1909f56bfc062723c751e8b465ee728b)
Start importing Assets/Application/App/Resources/GameDataModel.asset using Guid(261bac1ad567ce74dad9d9a6afeb5410) Importer(815301076,1909f56bfc062723c751e8b465ee728b)  -> (artifact id: '3b55e8adb182b80019a13df17ffa533f') in 0.008873 seconds
  Import took 0.010693 seconds .

========================================================================
Received Import Request.
  Time since last request: 1.142657 seconds.
  path: Assets/Application/App/Resources/GameDataModel.asset
  artifactKey: Guid(261bac1ad567ce74dad9d9a6afeb5410) Importer(815301076,1909f56bfc062723c751e8b465ee728b)
Start importing Assets/Application/App/Resources/GameDataModel.asset using Guid(261bac1ad567ce74dad9d9a6afeb5410) Importer(815301076,1909f56bfc062723c751e8b465ee728b)  -> (artifact id: '3b55e8adb182b80019a13df17ffa533f') in 0.002701 seconds
  Import took 0.004510 seconds .

========================================================================
Received Prepare
Registering precompiled user dll's ...
Registered in 0.000889 seconds.
Begin MonoManager ReloadAssembly
Native extension for WindowsStandalone target not found
Refreshing native plugins compatible for Editor in 0.35 ms, found 0 plugins.
Preloading 0 native plugins for Editor in 0.00 ms.
Invoked RoslynAnalysisRunner static constructor.
RoslynAnalysisRunner will not be running.
RoslynAnalysisRunner has terminated.
Mono: successfully reloaded assembly
- Completed reload, in  0.633 seconds
Platform modules already initialized, skipping
Refreshing native plugins compatible for Editor in 0.27 ms, found 0 plugins.
Preloading 0 native plugins for Editor in 0.00 ms.
Unloading 1220 Unused Serialized files (Serialized files now loaded: 0)
System memory in use before: 60.9 MB.
System memory in use after: 61.0 MB.

Unloading 8 unused Assets to reduce memory usage. Loaded Objects now: 1693.
Total: 2.361400 ms (FindLiveObjects: 0.274600 ms CreateObjectMapping: 0.150700 ms MarkObjects: 1.860500 ms  DeleteObjects: 0.074300 ms)

========================================================================
Received Prepare
Registering precompiled user dll's ...
Registered in 0.000474 seconds.
Begin MonoManager ReloadAssembly
Native extension for WindowsStandalone target not found
Refreshing native plugins compatible for Editor in 0.50 ms, found 0 plugins.
Preloading 0 native plugins for Editor in 0.00 ms.
Invoked RoslynAnalysisRunner static constructor.
RoslynAnalysisRunner will not be running.
RoslynAnalysisRunner has terminated.
Mono: successfully reloaded assembly
- Completed reload, in  0.638 seconds
Platform modules already initialized, skipping
Refreshing native plugins compatible for Editor in 0.27 ms, found 0 plugins.
Preloading 0 native plugins for Editor in 0.00 ms.
Unloading 1220 Unused Serialized files (Serialized files now loaded: 0)
System memory in use before: 60.9 MB.
System memory in use after: 61.0 MB.

Unloading 8 unused Assets to reduce memory usage. Loaded Objects now: 1696.
Total: 1.621800 ms (FindLiveObjects: 0.191500 ms CreateObjectMapping: 0.043500 ms MarkObjects: 1.295500 ms  DeleteObjects: 0.090100 ms)

========================================================================
Received Import Request.
  Time since last request: 105.246377 seconds.
  path: Assets/Application/App/Resources/GameDataModel.asset
  artifactKey: Guid(261bac1ad567ce74dad9d9a6afeb5410) Importer(815301076,1909f56bfc062723c751e8b465ee728b)
Start importing Assets/Application/App/Resources/GameDataModel.asset using Guid(261bac1ad567ce74dad9d9a6afeb5410) Importer(815301076,1909f56bfc062723c751e8b465ee728b)  -> (artifact id: 'ada864831954bfb036c9d32ac983776b') in 0.009513 seconds
  Import took 0.012752 seconds .

========================================================================
Received Prepare
Registering precompiled user dll's ...
Registered in 0.000575 seconds.
Begin MonoManager ReloadAssembly
Native extension for WindowsStandalone target not found
Refreshing native plugins compatible for Editor in 0.28 ms, found 0 plugins.
Preloading 0 native plugins for Editor in 0.00 ms.
Invoked RoslynAnalysisRunner static constructor.
RoslynAnalysisRunner will not be running.
RoslynAnalysisRunner has terminated.
Mono: successfully reloaded assembly
- Completed reload, in  0.690 seconds
Platform modules already initialized, skipping
Refreshing native plugins compatible for Editor in 0.30 ms, found 0 plugins.
Preloading 0 native plugins for Editor in 0.00 ms.
Unloading 1220 Unused Serialized files (Serialized files now loaded: 0)
System memory in use before: 60.9 MB.
System memory in use after: 61.0 MB.

Unloading 8 unused Assets to reduce memory usage. Loaded Objects now: 1699.
Total: 1.647100 ms (FindLiveObjects: 0.186300 ms CreateObjectMapping: 0.055400 ms MarkObjects: 1.351000 ms  DeleteObjects: 0.053000 ms)

========================================================================
Received Import Request.
  Time since last request: 89.626980 seconds.
  path: Assets/Application/App/Resources/GameDataModel.asset
  artifactKey: Guid(261bac1ad567ce74dad9d9a6afeb5410) Importer(815301076,1909f56bfc062723c751e8b465ee728b)
Start importing Assets/Application/App/Resources/GameDataModel.asset using Guid(261bac1ad567ce74dad9d9a6afeb5410) Importer(815301076,1909f56bfc062723c751e8b465ee728b)  -> (artifact id: 'd3e2f3f6d90c246a9253b51e104b9573') in 0.010385 seconds
  Import took 0.012578 seconds .

========================================================================
Received Import Request.
  Time since last request: 1.461389 seconds.
  path: Assets/Application/App/Resources/GameDataModel.asset
  artifactKey: Guid(261bac1ad567ce74dad9d9a6afeb5410) Importer(815301076,1909f56bfc062723c751e8b465ee728b)
Start importing Assets/Application/App/Resources/GameDataModel.asset using Guid(261bac1ad567ce74dad9d9a6afeb5410) Importer(815301076,1909f56bfc062723c751e8b465ee728b)  -> (artifact id: 'd3e2f3f6d90c246a9253b51e104b9573') in 0.003250 seconds
  Import took 0.005160 seconds .

========================================================================
Received Prepare
Registering precompiled user dll's ...
Registered in 0.000483 seconds.
Begin MonoManager ReloadAssembly
Native extension for WindowsStandalone target not found
Refreshing native plugins compatible for Editor in 0.26 ms, found 0 plugins.
Preloading 0 native plugins for Editor in 0.00 ms.
Invoked RoslynAnalysisRunner static constructor.
RoslynAnalysisRunner will not be running.
RoslynAnalysisRunner has terminated.
Mono: successfully reloaded assembly
- Completed reload, in  0.633 seconds
Platform modules already initialized, skipping
Refreshing native plugins compatible for Editor in 0.28 ms, found 0 plugins.
Preloading 0 native plugins for Editor in 0.00 ms.
Unloading 1220 Unused Serialized files (Serialized files now loaded: 0)
System memory in use before: 61.0 MB.
System memory in use after: 61.1 MB.

Unloading 8 unused Assets to reduce memory usage. Loaded Objects now: 1702.
Total: 1.509600 ms (FindLiveObjects: 0.141700 ms CreateObjectMapping: 0.037700 ms MarkObjects: 1.282000 ms  DeleteObjects: 0.047000 ms)

========================================================================
Received Import Request.
  Time since last request: 71.288747 seconds.
  path: Assets/Application/App/Resources/GameDataModel.asset
  artifactKey: Guid(261bac1ad567ce74dad9d9a6afeb5410) Importer(815301076,1909f56bfc062723c751e8b465ee728b)
Start importing Assets/Application/App/Resources/GameDataModel.asset using Guid(261bac1ad567ce74dad9d9a6afeb5410) Importer(815301076,1909f56bfc062723c751e8b465ee728b)  -> (artifact id: 'ed3f3ebe35535a0c5234a3d8f60c6aa6') in 0.010500 seconds
  Import took 0.012250 seconds .

========================================================================
Received Prepare
Registering precompiled user dll's ...
Registered in 0.000578 seconds.
Begin MonoManager ReloadAssembly
Native extension for WindowsStandalone target not found
Refreshing native plugins compatible for Editor in 0.27 ms, found 0 plugins.
Preloading 0 native plugins for Editor in 0.00 ms.
Invoked RoslynAnalysisRunner static constructor.
RoslynAnalysisRunner will not be running.
RoslynAnalysisRunner has terminated.
Mono: successfully reloaded assembly
- Completed reload, in  0.629 seconds
Platform modules already initialized, skipping
Refreshing native plugins compatible for Editor in 0.27 ms, found 0 plugins.
Preloading 0 native plugins for Editor in 0.00 ms.
Unloading 1220 Unused Serialized files (Serialized files now loaded: 0)
System memory in use before: 61.0 MB.
System memory in use after: 61.1 MB.

Unloading 8 unused Assets to reduce memory usage. Loaded Objects now: 1705.
Total: 1.403200 ms (FindLiveObjects: 0.147600 ms CreateObjectMapping: 0.035000 ms MarkObjects: 1.169200 ms  DeleteObjects: 0.050300 ms)

AssetImportWorkerClient::OnTransportError - code=2 error=End of file
